/*C4*/SET SCHEMA PUBLIC
drop table if exists data CASCADE 
drop sequence hibernate_sequence if exists
create sequence hibernate_sequence start with 1 increment by 1
create table data (id bigint not null, country varchar(255), time_stamp varchar(255), value integer not null, primary key (id))
INSERT INTO DATA VALUES(1,'Espagne','1229390725512',3)
INSERT INTO DATA VALUES(2,'Irlande','1229390728653',3)
INSERT INTO DATA VALUES(3,'Irlande','1229390729209',48)
INSERT INTO DATA VALUES(4,'Allemagne','1229390732532',64)
INSERT INTO DATA VALUES(5,'Allemagne','1229390733866',42)
INSERT INTO DATA VALUES(6,'Chine','1229390735230',73)
INSERT INTO DATA VALUES(7,'Pakistan','1229390736659',36)
INSERT INTO DATA VALUES(8,'Hollande','1229390739150',37)
INSERT INTO DATA VALUES(9,'Iran','1229390740125',34)
INSERT INTO DATA VALUES(10,'Cor\u00c3\u00a9e du Sud','1229390740331',59)
INSERT INTO DATA VALUES(11,'Espagne','1229390742732',7)
INSERT INTO DATA VALUES(12,'Angleterre','1229390743891',94)
INSERT INTO DATA VALUES(13,'Maroc','1229390745437',38)
INSERT INTO DATA VALUES(14,'Espagne','1229390746596',22)
INSERT INTO DATA VALUES(15,'Cor\u00c3\u00a9e du Sud','1229390748734',1)
INSERT INTO DATA VALUES(16,'Iran','1229390750115',96)
INSERT INTO DATA VALUES(17,'Pakistan','1229390750916',34)
INSERT INTO DATA VALUES(18,'Finlande','1229390751434',90)
INSERT INTO DATA VALUES(19,'Portugal','1229390755233',17)
INSERT INTO DATA VALUES(20,'Pays-Bas','1229390758109',37)
INSERT INTO DATA VALUES(21,'Pakistan','1229390761912',43)
INSERT INTO DATA VALUES(22,'Alg\u00c3\u00a9rie','1229390765407',64)
INSERT INTO DATA VALUES(23,'Etats-Unis','1229390768479',86)
INSERT INTO DATA VALUES(24,'Alg\u00c3\u00a9rie','1229390769258',38)
INSERT INTO DATA VALUES(25,'Russie','1229390772895',80)
INSERT INTO DATA VALUES(26,'Egypte','1229390776391',86)
INSERT INTO DATA VALUES(27,'Alg\u00c3\u00a9rie','1229390778862',70)
INSERT INTO DATA VALUES(28,'Chine','1229390781739',17)
INSERT INTO DATA VALUES(29,'Italie','1229390781891',50)
INSERT INTO DATA VALUES(30,'Su\u00c3\u00a8de','1229390785451',46)
INSERT INTO DATA VALUES(31,'Finlande','1229390789047',41)
INSERT INTO DATA VALUES(32,'Japon','1229390792376',66)
INSERT INTO DATA VALUES(33,'Italie','1229390795673',69)
INSERT INTO DATA VALUES(34,'Autriche','1229390797963',60)
INSERT INTO DATA VALUES(35,'Belgique','1229390800512',90)
INSERT INTO DATA VALUES(36,'Alg\u00c3\u00a9rie','1229390803294',77)
INSERT INTO DATA VALUES(37,'Su\u00c3\u00a8de','1229390807245',30)
ALTER SEQUENCE PUBLIC.HIBERNATE_SEQUENCE RESTART WITH 38
COMMIT
INSERT INTO DATA VALUES(38,'Espagne','1229390725512',3)
INSERT INTO DATA VALUES(39,'Irlande','1229390728653',3)
INSERT INTO DATA VALUES(40,'Irlande','1229390729209',48)
INSERT INTO DATA VALUES(41,'Allemagne','1229390732532',64)
INSERT INTO DATA VALUES(42,'Allemagne','1229390733866',42)
INSERT INTO DATA VALUES(43,'Chine','1229390735230',73)
INSERT INTO DATA VALUES(44,'Pakistan','1229390736659',36)
INSERT INTO DATA VALUES(45,'Hollande','1229390739150',37)
INSERT INTO DATA VALUES(46,'Iran','1229390740125',34)
INSERT INTO DATA VALUES(47,'Cor\u00c3\u00a9e du Sud','1229390740331',59)
INSERT INTO DATA VALUES(48,'Espagne','1229390742732',7)
INSERT INTO DATA VALUES(49,'Angleterre','1229390743891',94)
INSERT INTO DATA VALUES(50,'Maroc','1229390745437',38)
INSERT INTO DATA VALUES(51,'Espagne','1229390746596',22)
INSERT INTO DATA VALUES(52,'Cor\u00c3\u00a9e du Sud','1229390748734',1)
INSERT INTO DATA VALUES(53,'Iran','1229390750115',96)
INSERT INTO DATA VALUES(54,'Pakistan','1229390750916',34)
INSERT INTO DATA VALUES(55,'Finlande','1229390751434',90)
INSERT INTO DATA VALUES(56,'Portugal','1229390755233',17)
INSERT INTO DATA VALUES(57,'Pays-Bas','1229390758109',37)
INSERT INTO DATA VALUES(58,'Pakistan','1229390761912',43)
INSERT INTO DATA VALUES(59,'Alg\u00c3\u00a9rie','1229390765407',64)
INSERT INTO DATA VALUES(60,'Etats-Unis','1229390768479',86)
INSERT INTO DATA VALUES(61,'Alg\u00c3\u00a9rie','1229390769258',38)
INSERT INTO DATA VALUES(62,'Russie','1229390772895',80)
INSERT INTO DATA VALUES(63,'Egypte','1229390776391',86)
INSERT INTO DATA VALUES(64,'Alg\u00c3\u00a9rie','1229390778862',70)
INSERT INTO DATA VALUES(65,'Chine','1229390781739',17)
INSERT INTO DATA VALUES(66,'Italie','1229390781891',50)
INSERT INTO DATA VALUES(67,'Su\u00c3\u00a8de','1229390785451',46)
INSERT INTO DATA VALUES(68,'Finlande','1229390789047',41)
INSERT INTO DATA VALUES(69,'Japon','1229390792376',66)
INSERT INTO DATA VALUES(70,'Italie','1229390795673',69)
INSERT INTO DATA VALUES(71,'Autriche','1229390797963',60)
INSERT INTO DATA VALUES(72,'Belgique','1229390800512',90)
INSERT INTO DATA VALUES(73,'Alg\u00c3\u00a9rie','1229390803294',77)
INSERT INTO DATA VALUES(74,'Su\u00c3\u00a8de','1229390807245',30)
ALTER SEQUENCE PUBLIC.HIBERNATE_SEQUENCE RESTART WITH 75
COMMIT
